<?xml version="1.0" encoding="UTF-8"?>
<testng-results ignored="2" total="3" passed="1" failed="0" skipped="0">
  <reporter-output>
  </reporter-output>
  <suite started-at="2025-09-17T19:16:05 EEST" name="Default suite" finished-at="2025-09-17T19:16:16 EEST" duration-ms="11689">
    <groups>
    </groups>
    <test started-at="2025-09-17T19:16:05 EEST" name="Default test" finished-at="2025-09-17T19:16:16 EEST" duration-ms="11689">
      <class name="MobileTestingBadawi.UpScrolled">
        <test-method is-config="true" signature="setUp()[pri:0, instance:MobileTestingBadawi.UpScrolled@5158b42f]" started-at="2025-09-17T19:16:05 EEST" name="setUp" finished-at="2025-09-17T19:16:14 EEST" duration-ms="9116" status="PASS">
          <reporter-output>
          </reporter-output>
        </test-method> <!-- setUp -->
        <test-method signature="LoginClick()[pri:1, instance:MobileTestingBadawi.UpScrolled@5158b42f]" started-at="2025-09-17T19:16:14 EEST" name="LoginClick" finished-at="2025-09-17T19:16:15 EEST" duration-ms="1321" status="PASS">
          <reporter-output>
          </reporter-output>
        </test-method> <!-- LoginClick -->
        <test-method is-config="true" signature="tearDown()[pri:0, instance:MobileTestingBadawi.UpScrolled@5158b42f]" started-at="2025-09-17T19:16:15 EEST" name="tearDown" finished-at="2025-09-17T19:16:16 EEST" duration-ms="1211" status="PASS">
          <reporter-output>
          </reporter-output>
        </test-method> <!-- tearDown -->
      </class> <!-- MobileTestingBadawi.UpScrolled -->
    </test> <!-- Default test -->
  </suite> <!-- Default suite -->
</testng-results>
