<?xml version="1.0" encoding="UTF-8"?>
<!-- Generated by org.testng.reporters.JUnitXMLReporter -->
<testsuite ignored="2" hostname="Badawi" failures="0" tests="1" name="Default test" time="11.689" errors="0" timestamp="2025-09-17T19:16:16 EEST">
  <testcase classname="MobileTestingBadawi.UpScrolled" name="LoginClick" time="1.321"/>
  <testcase classname="MobileTestingBadawi.UpScrolled" name="FillPassword" time="0.0">
    <ignored/>
  </testcase> <!-- FillPassword -->
  <testcase classname="MobileTestingBadawi.UpScrolled" name="ClickLogIn" time="0.0">
    <ignored/>
  </testcase> <!-- ClickLogIn -->
</testsuite> <!-- Default test -->
